<?xml version="1.0" encoding="UTF-8"?>
<!-- Generated by org.testng.reporters.JUnitReportReporter -->
<testsuite hostname="DESKTOP-OEN4UN3" failures="0" tests="1" name="testBaseExecution.TC01" time="7.270" errors="0" timestamp="2022-08-05T19:01:25 IST" skipped="0">
  <testcase classname="testBaseExecution.TC01" name="method1" time="7.270"/>
  <system-out/>
</testsuite> <!-- testBaseExecution.TC01 -->
