<?xml version="1.0" encoding="UTF-8"?>
<!-- Generated by org.testng.reporters.JUnitReportReporter -->
<testsuite hostname="DESKTOP-OEN4UN3" failures="0" tests="1" name="testBaseExecution.TC02" time="6.446" errors="0" timestamp="2022-08-05T18:36:35 IST" skipped="0">
  <testcase classname="testBaseExecution.TC02" name="method2" time="6.446"/>
  <system-out/>
</testsuite> <!-- testBaseExecution.TC02 -->
