<?xml version="1.0" encoding="UTF-8"?>
<!-- Generated by org.testng.reporters.JUnitReportReporter -->
<testsuite hostname="DESKTOP-OEN4UN3" failures="0" tests="1" name="testBaseExecution.TC04" time="6.770" errors="0" timestamp="2022-08-05T19:01:25 IST" skipped="0">
  <testcase classname="testBaseExecution.TC04" name="method4" time="6.770"/>
  <system-out/>
</testsuite> <!-- testBaseExecution.TC04 -->
